<?xml version="1.0" encoding="UTF-8"?>
<!-- Generated by org.testng.reporters.JUnitReportReporter -->
<testsuite hostname="CVIDUDALPF0TUCXG" failures="0" tests="3" name="com.medtronics.tests.scenarios.OrderScenario" time="15.088" errors="0" timestamp="29 Sep 2019 07:47:48 GMT">
  <testcase classname="com.medtronics.tests.scenarios.OrderScenario" name="placeOrder" time="5.142"/>
  <testcase classname="com.medtronics.tests.scenarios.OrderScenario" name="placeOrder" time="4.662"/>
  <testcase classname="com.medtronics.tests.scenarios.OrderScenario" name="placeOrder" time="5.284"/>
</testsuite> <!-- com.medtronics.tests.scenarios.OrderScenario -->
