<?xml version="1.0" encoding="UTF-8"?>
<!-- Generated by org.testng.reporters.JUnitReportReporter -->
<testsuite hostname="CVIDUDALPF0TUCXG" failures="0" tests="1" name="com.medtronics.tests.scenarios.LoginScenario" time="10.157" errors="0" timestamp="29 Sep 2019 07:47:48 GMT">
  <testcase classname="com.medtronics.tests.scenarios.LoginScenario" name="LoginWithValidUsers" time="10.157"/>
</testsuite> <!-- com.medtronics.tests.scenarios.LoginScenario -->
